## Footprint report - date 11/16/20 20:35:26
## Created by Pcbnew version kicad (5.1.6)-1
## Unit = mm, Angle = deg.

$BeginDESCRIPTION

$BOARD
upper_left_corner 33.025999 21.958299
lower_right_corner 230.314501 175.737500
$EndBOARD

$MODULE "REF**"
reference "REF**"
value "MountingHole_2.1mm"
footprint "MountingHole:MountingHole_2.1mm"
attribut virtual
position 151.130000 34.036000  orientation 0.00
layer front
$PAD ""
Shape Circle Layer both
position  0.000000  0.000000  size  2.100000  2.100000  orientation 0.00
drill  2.100000
shape_offset  0.000000  0.000000
$EndPAD
$EndMODULE  REF**

$MODULE "REF**"
reference "REF**"
value "MountingHole_4.3mm_M4"
footprint "MountingHole:MountingHole_4.3mm_M4"
attribut virtual
position 145.796000 28.575000  orientation 0.00
layer front
$PAD "1"
Shape Circle Layer both
position  0.000000  0.000000  size  4.300000  4.300000  orientation 0.00
drill  4.300000
shape_offset  0.000000  0.000000
$EndPAD
$EndMODULE  REF**

$MODULE "REF**"
reference "REF**"
value "MountingHole_4.3mm_M4"
footprint "MountingHole:MountingHole_4.3mm_M4"
attribut virtual
position 217.805000 28.575000  orientation 0.00
layer front
$PAD "1"
Shape Circle Layer both
position  0.000000  0.000000  size  4.300000  4.300000  orientation 0.00
drill  4.300000
shape_offset  0.000000  0.000000
$EndPAD
$EndMODULE  REF**

$MODULE "REF**"
reference "REF**"
value "MountingHole_4.3mm_M4"
footprint "MountingHole:MountingHole_4.3mm_M4"
attribut virtual
position 59.944000 28.384500  orientation 0.00
layer front
$PAD "1"
Shape Circle Layer both
position  0.000000  0.000000  size  4.300000  4.300000  orientation 0.00
drill  4.300000
shape_offset  0.000000  0.000000
$EndPAD
$EndMODULE  REF**

$MODULE "REF**"
reference "REF**"
value "MountingHole_2.1mm"
footprint "MountingHole:MountingHole_2.1mm"
attribut virtual
position 212.788500 165.481000  orientation 0.00
layer front
$PAD ""
Shape Circle Layer both
position  0.000000  0.000000  size  2.100000  2.100000  orientation 0.00
drill  2.100000
shape_offset  0.000000  0.000000
$EndPAD
$EndMODULE  REF**

$MODULE "REF**"
reference "REF**"
value "MountingHole_4.3mm_M4"
footprint "MountingHole:MountingHole_4.3mm_M4"
attribut virtual
position 206.756000 169.418000  orientation 0.00
layer front
$PAD "1"
Shape Circle Layer both
position  0.000000  0.000000  size  4.300000  4.300000  orientation 0.00
drill  4.300000
shape_offset  0.000000  0.000000
$EndPAD
$EndMODULE  REF**

$MODULE "REF**"
reference "REF**"
value "MountingHole_4.3mm_M4"
footprint "MountingHole:MountingHole_4.3mm_M4"
attribut virtual
position 126.301500 169.481500  orientation 0.00
layer front
$PAD "1"
Shape Circle Layer both
position  0.000000  0.000000  size  4.300000  4.300000  orientation 0.00
drill  4.300000
shape_offset  0.000000  0.000000
$EndPAD
$EndMODULE  REF**

$MODULE "REF**"
reference "REF**"
value "MountingHole_4.3mm_M4"
footprint "MountingHole:MountingHole_4.3mm_M4"
attribut virtual
position 48.260000 169.545000  orientation 0.00
layer front
$PAD "1"
Shape Circle Layer both
position  0.000000  0.000000  size  4.300000  4.300000  orientation 0.00
drill  4.300000
shape_offset  0.000000  0.000000
$EndPAD
$EndMODULE  REF**

$MODULE "REF**"
reference "REF**"
value "MountingHole_2.1mm"
footprint "MountingHole:MountingHole_2.1mm"
attribut virtual
position 44.069000 163.576000  orientation 0.00
layer front
$PAD ""
Shape Circle Layer both
position  0.000000  0.000000  size  2.100000  2.100000  orientation 0.00
drill  2.100000
shape_offset  0.000000  0.000000
$EndPAD
$EndMODULE  REF**

$MODULE "PAD4"
reference "PAD4"
value "MountingHole_3.5mm_Pad_Via"
footprint "MountingHole:MountingHole_3.5mm_Pad_Via"
attribut virtual
position 203.390500 119.634000  orientation 0.00
layer front
$PAD "1"
Shape Circle Layer both
position  1.856155 -1.856155  size  0.800000  0.800000  orientation 0.00
drill  0.500000
shape_offset  0.000000  0.000000
$EndPAD
$PAD "1"
Shape Circle Layer both
position  0.000000 -2.625000  size  0.800000  0.800000  orientation 0.00
drill  0.500000
shape_offset  0.000000  0.000000
$EndPAD
$PAD "1"
Shape Circle Layer both
position -1.856155 -1.856155  size  0.800000  0.800000  orientation 0.00
drill  0.500000
shape_offset  0.000000  0.000000
$EndPAD
$PAD "1"
Shape Circle Layer both
position -2.625000  0.000000  size  0.800000  0.800000  orientation 0.00
drill  0.500000
shape_offset  0.000000  0.000000
$EndPAD
$PAD "1"
Shape Circle Layer both
position -1.856155  1.856155  size  0.800000  0.800000  orientation 0.00
drill  0.500000
shape_offset  0.000000  0.000000
$EndPAD
$PAD "1"
Shape Circle Layer both
position  0.000000  2.625000  size  0.800000  0.800000  orientation 0.00
drill  0.500000
shape_offset  0.000000  0.000000
$EndPAD
$PAD "1"
Shape Circle Layer both
position  1.856155  1.856155  size  0.800000  0.800000  orientation 0.00
drill  0.500000
shape_offset  0.000000  0.000000
$EndPAD
$PAD "1"
Shape Circle Layer both
position  2.625000  0.000000  size  0.800000  0.800000  orientation 0.00
drill  0.500000
shape_offset  0.000000  0.000000
$EndPAD
$PAD "1"
Shape Circle Layer both
position  0.000000  0.000000  size  7.000000  7.000000  orientation 0.00
drill  3.500000
shape_offset  0.000000  0.000000
$EndPAD
$EndMODULE  PAD4

$MODULE "PAD3"
reference "PAD3"
value "MountingHole_3.5mm_Pad_Via"
footprint "MountingHole:MountingHole_3.5mm_Pad_Via"
attribut virtual
position 203.136500 75.184000  orientation 0.00
layer front
$PAD "1"
Shape Circle Layer both
position  1.856155 -1.856155  size  0.800000  0.800000  orientation 0.00
drill  0.500000
shape_offset  0.000000  0.000000
$EndPAD
$PAD "1"
Shape Circle Layer both
position  0.000000 -2.625000  size  0.800000  0.800000  orientation 0.00
drill  0.500000
shape_offset  0.000000  0.000000
$EndPAD
$PAD "1"
Shape Circle Layer both
position -1.856155 -1.856155  size  0.800000  0.800000  orientation 0.00
drill  0.500000
shape_offset  0.000000  0.000000
$EndPAD
$PAD "1"
Shape Circle Layer both
position -2.625000  0.000000  size  0.800000  0.800000  orientation 0.00
drill  0.500000
shape_offset  0.000000  0.000000
$EndPAD
$PAD "1"
Shape Circle Layer both
position -1.856155  1.856155  size  0.800000  0.800000  orientation 0.00
drill  0.500000
shape_offset  0.000000  0.000000
$EndPAD
$PAD "1"
Shape Circle Layer both
position  0.000000  2.625000  size  0.800000  0.800000  orientation 0.00
drill  0.500000
shape_offset  0.000000  0.000000
$EndPAD
$PAD "1"
Shape Circle Layer both
position  1.856155  1.856155  size  0.800000  0.800000  orientation 0.00
drill  0.500000
shape_offset  0.000000  0.000000
$EndPAD
$PAD "1"
Shape Circle Layer both
position  2.625000  0.000000  size  0.800000  0.800000  orientation 0.00
drill  0.500000
shape_offset  0.000000  0.000000
$EndPAD
$PAD "1"
Shape Circle Layer both
position  0.000000  0.000000  size  7.000000  7.000000  orientation 0.00
drill  3.500000
shape_offset  0.000000  0.000000
$EndPAD
$EndMODULE  PAD3

$MODULE "PAD2"
reference "PAD2"
value "MountingHole_3.5mm_Pad_Via"
footprint "MountingHole:MountingHole_3.5mm_Pad_Via"
attribut virtual
position 133.477000 74.993500  orientation 0.00
layer front
$PAD "1"
Shape Circle Layer both
position  1.856155 -1.856155  size  0.800000  0.800000  orientation 0.00
drill  0.500000
shape_offset  0.000000  0.000000
$EndPAD
$PAD "1"
Shape Circle Layer both
position  0.000000 -2.625000  size  0.800000  0.800000  orientation 0.00
drill  0.500000
shape_offset  0.000000  0.000000
$EndPAD
$PAD "1"
Shape Circle Layer both
position -1.856155 -1.856155  size  0.800000  0.800000  orientation 0.00
drill  0.500000
shape_offset  0.000000  0.000000
$EndPAD
$PAD "1"
Shape Circle Layer both
position -2.625000  0.000000  size  0.800000  0.800000  orientation 0.00
drill  0.500000
shape_offset  0.000000  0.000000
$EndPAD
$PAD "1"
Shape Circle Layer both
position -1.856155  1.856155  size  0.800000  0.800000  orientation 0.00
drill  0.500000
shape_offset  0.000000  0.000000
$EndPAD
$PAD "1"
Shape Circle Layer both
position  0.000000  2.625000  size  0.800000  0.800000  orientation 0.00
drill  0.500000
shape_offset  0.000000  0.000000
$EndPAD
$PAD "1"
Shape Circle Layer both
position  1.856155  1.856155  size  0.800000  0.800000  orientation 0.00
drill  0.500000
shape_offset  0.000000  0.000000
$EndPAD
$PAD "1"
Shape Circle Layer both
position  2.625000  0.000000  size  0.800000  0.800000  orientation 0.00
drill  0.500000
shape_offset  0.000000  0.000000
$EndPAD
$PAD "1"
Shape Circle Layer both
position  0.000000  0.000000  size  7.000000  7.000000  orientation 0.00
drill  3.500000
shape_offset  0.000000  0.000000
$EndPAD
$EndMODULE  PAD2

$MODULE "PAD1"
reference "PAD1"
value "MountingHole_3.5mm_Pad_Via"
footprint "MountingHole:MountingHole_3.5mm_Pad_Via"
attribut virtual
position 133.032500 119.697500  orientation 0.00
layer front
$PAD "1"
Shape Circle Layer both
position  1.856155 -1.856155  size  0.800000  0.800000  orientation 0.00
drill  0.500000
shape_offset  0.000000  0.000000
$EndPAD
$PAD "1"
Shape Circle Layer both
position  0.000000 -2.625000  size  0.800000  0.800000  orientation 0.00
drill  0.500000
shape_offset  0.000000  0.000000
$EndPAD
$PAD "1"
Shape Circle Layer both
position -1.856155 -1.856155  size  0.800000  0.800000  orientation 0.00
drill  0.500000
shape_offset  0.000000  0.000000
$EndPAD
$PAD "1"
Shape Circle Layer both
position -2.625000  0.000000  size  0.800000  0.800000  orientation 0.00
drill  0.500000
shape_offset  0.000000  0.000000
$EndPAD
$PAD "1"
Shape Circle Layer both
position -1.856155  1.856155  size  0.800000  0.800000  orientation 0.00
drill  0.500000
shape_offset  0.000000  0.000000
$EndPAD
$PAD "1"
Shape Circle Layer both
position  0.000000  2.625000  size  0.800000  0.800000  orientation 0.00
drill  0.500000
shape_offset  0.000000  0.000000
$EndPAD
$PAD "1"
Shape Circle Layer both
position  1.856155  1.856155  size  0.800000  0.800000  orientation 0.00
drill  0.500000
shape_offset  0.000000  0.000000
$EndPAD
$PAD "1"
Shape Circle Layer both
position  2.625000  0.000000  size  0.800000  0.800000  orientation 0.00
drill  0.500000
shape_offset  0.000000  0.000000
$EndPAD
$PAD "1"
Shape Circle Layer both
position  0.000000  0.000000  size  7.000000  7.000000  orientation 0.00
drill  3.500000
shape_offset  0.000000  0.000000
$EndPAD
$EndMODULE  PAD1

$MODULE "FAN1"
reference "FAN1"
value "Conn_01x02"
footprint "Connector_PinHeader_2.54mm:PinHeader_1x02_P2.54mm_Vertical"
attribut none
position 213.995000 147.256500  orientation 90.00
layer front
$PAD "2"
Shape Oval Layer both
position  0.000000  2.540000  size  1.700000  1.700000  orientation 0.00
drill  1.000000
shape_offset  0.000000  0.000000
$EndPAD
$PAD "1"
Shape Rect Layer both
position  0.000000  0.000000  size  1.700000  1.700000  orientation 0.00
drill  1.000000
shape_offset  0.000000  0.000000
$EndPAD
$EndMODULE  FAN1

$MODULE "G***"
reference "G***"
value "LOGO"
footprint "Logos:townslogo"
attribut none
position 73.850500 42.799000  orientation 0.00
layer front
$EndMODULE  G***

$MODULE "J2"
reference "J2"
value "PCN13-44S-2.54DS_71_"
footprint "Downloaded_parts:PCN1344S254DS71"
attribut none
position 46.736000 71.882000  orientation 270.00
layer front
$PAD "MH2"
Shape Circle Layer both
position 60.960000  2.540000  size  4.200000  4.200000  orientation -270.00
drill  2.800000
shape_offset  0.000000  0.000000
$EndPAD
$PAD "MH1"
Shape Circle Layer both
position -7.620000  2.540000  size  4.200000  4.200000  orientation -270.00
drill  2.800000
shape_offset  0.000000  0.000000
$EndPAD
$PAD "B22"
Shape Circle Layer both
position 53.340000 -2.540000  size  1.300000  1.300000  orientation -270.00
drill  0.800000
shape_offset  0.000000  0.000000
$EndPAD
$PAD "B21"
Shape Circle Layer both
position 50.800000 -2.540000  size  1.300000  1.300000  orientation -270.00
drill  0.800000
shape_offset  0.000000  0.000000
$EndPAD
$PAD "B20"
Shape Circle Layer both
position 48.260000 -2.540000  size  1.300000  1.300000  orientation -270.00
drill  0.800000
shape_offset  0.000000  0.000000
$EndPAD
$PAD "B19"
Shape Circle Layer both
position 45.720000 -2.540000  size  1.300000  1.300000  orientation -270.00
drill  0.800000
shape_offset  0.000000  0.000000
$EndPAD
$PAD "B18"
Shape Circle Layer both
position 43.180000 -2.540000  size  1.300000  1.300000  orientation -270.00
drill  0.800000
shape_offset  0.000000  0.000000
$EndPAD
$PAD "B17"
Shape Circle Layer both
position 40.640000 -2.540000  size  1.300000  1.300000  orientation -270.00
drill  0.800000
shape_offset  0.000000  0.000000
$EndPAD
$PAD "B16"
Shape Circle Layer both
position 38.100000 -2.540000  size  1.300000  1.300000  orientation -270.00
drill  0.800000
shape_offset  0.000000  0.000000
$EndPAD
$PAD "B15"
Shape Circle Layer both
position 35.560000 -2.540000  size  1.300000  1.300000  orientation -270.00
drill  0.800000
shape_offset  0.000000  0.000000
$EndPAD
$PAD "B14"
Shape Circle Layer both
position 33.020000 -2.540000  size  1.300000  1.300000  orientation -270.00
drill  0.800000
shape_offset  0.000000  0.000000
$EndPAD
$PAD "B13"
Shape Circle Layer both
position 30.480000 -2.540000  size  1.300000  1.300000  orientation -270.00
drill  0.800000
shape_offset  0.000000  0.000000
$EndPAD
$PAD "B12"
Shape Circle Layer both
position 27.940000 -2.540000  size  1.300000  1.300000  orientation -270.00
drill  0.800000
shape_offset  0.000000  0.000000
$EndPAD
$PAD "B11"
Shape Circle Layer both
position 25.400000 -2.540000  size  1.300000  1.300000  orientation -270.00
drill  0.800000
shape_offset  0.000000  0.000000
$EndPAD
$PAD "B10"
Shape Circle Layer both
position 22.860000 -2.540000  size  1.300000  1.300000  orientation -270.00
drill  0.800000
shape_offset  0.000000  0.000000
$EndPAD
$PAD "B9"
Shape Circle Layer both
position 20.320000 -2.540000  size  1.300000  1.300000  orientation -270.00
drill  0.800000
shape_offset  0.000000  0.000000
$EndPAD
$PAD "B8"
Shape Circle Layer both
position 17.780000 -2.540000  size  1.300000  1.300000  orientation -270.00
drill  0.800000
shape_offset  0.000000  0.000000
$EndPAD
$PAD "B7"
Shape Circle Layer both
position 15.240000 -2.540000  size  1.300000  1.300000  orientation -270.00
drill  0.800000
shape_offset  0.000000  0.000000
$EndPAD
$PAD "B6"
Shape Circle Layer both
position 12.700000 -2.540000  size  1.300000  1.300000  orientation -270.00
drill  0.800000
shape_offset  0.000000  0.000000
$EndPAD
$PAD "B5"
Shape Circle Layer both
position 10.160000 -2.540000  size  1.300000  1.300000  orientation -270.00
drill  0.800000
shape_offset  0.000000  0.000000
$EndPAD
$PAD "B4"
Shape Circle Layer both
position  7.620000 -2.540000  size  1.300000  1.300000  orientation -270.00
drill  0.800000
shape_offset  0.000000  0.000000
$EndPAD
$PAD "B3"
Shape Circle Layer both
position  5.080000 -2.540000  size  1.300000  1.300000  orientation -270.00
drill  0.800000
shape_offset  0.000000  0.000000
$EndPAD
$PAD "B2"
Shape Circle Layer both
position  2.540000 -2.540000  size  1.300000  1.300000  orientation -270.00
drill  0.800000
shape_offset  0.000000  0.000000
$EndPAD
$PAD "B1"
Shape Circle Layer both
position  0.000000 -2.540000  size  1.300000  1.300000  orientation -270.00
drill  0.800000
shape_offset  0.000000  0.000000
$EndPAD
$PAD "A22"
Shape Circle Layer both
position 53.340000  0.000000  size  1.300000  1.300000  orientation -270.00
drill  0.800000
shape_offset  0.000000  0.000000
$EndPAD
$PAD "A21"
Shape Circle Layer both
position 50.800000  0.000000  size  1.300000  1.300000  orientation -270.00
drill  0.800000
shape_offset  0.000000  0.000000
$EndPAD
$PAD "A20"
Shape Circle Layer both
position 48.260000  0.000000  size  1.300000  1.300000  orientation -270.00
drill  0.800000
shape_offset  0.000000  0.000000
$EndPAD
$PAD "A19"
Shape Circle Layer both
position 45.720000  0.000000  size  1.300000  1.300000  orientation -270.00
drill  0.800000
shape_offset  0.000000  0.000000
$EndPAD
$PAD "A18"
Shape Circle Layer both
position 43.180000  0.000000  size  1.300000  1.300000  orientation -270.00
drill  0.800000
shape_offset  0.000000  0.000000
$EndPAD
$PAD "A17"
Shape Circle Layer both
position 40.640000  0.000000  size  1.300000  1.300000  orientation -270.00
drill  0.800000
shape_offset  0.000000  0.000000
$EndPAD
$PAD "A16"
Shape Circle Layer both
position 38.100000  0.000000  size  1.300000  1.300000  orientation -270.00
drill  0.800000
shape_offset  0.000000  0.000000
$EndPAD
$PAD "A15"
Shape Circle Layer both
position 35.560000  0.000000  size  1.300000  1.300000  orientation -270.00
drill  0.800000
shape_offset  0.000000  0.000000
$EndPAD
$PAD "A14"
Shape Circle Layer both
position 33.020000  0.000000  size  1.300000  1.300000  orientation -270.00
drill  0.800000
shape_offset  0.000000  0.000000
$EndPAD
$PAD "A13"
Shape Circle Layer both
position 30.480000  0.000000  size  1.300000  1.300000  orientation -270.00
drill  0.800000
shape_offset  0.000000  0.000000
$EndPAD
$PAD "A12"
Shape Circle Layer both
position 27.940000  0.000000  size  1.300000  1.300000  orientation -270.00
drill  0.800000
shape_offset  0.000000  0.000000
$EndPAD
$PAD "A11"
Shape Circle Layer both
position 25.400000  0.000000  size  1.300000  1.300000  orientation -270.00
drill  0.800000
shape_offset  0.000000  0.000000
$EndPAD
$PAD "A10"
Shape Circle Layer both
position 22.860000  0.000000  size  1.300000  1.300000  orientation -270.00
drill  0.800000
shape_offset  0.000000  0.000000
$EndPAD
$PAD "A9"
Shape Circle Layer both
position 20.320000  0.000000  size  1.300000  1.300000  orientation -270.00
drill  0.800000
shape_offset  0.000000  0.000000
$EndPAD
$PAD "A8"
Shape Circle Layer both
position 17.780000  0.000000  size  1.300000  1.300000  orientation -270.00
drill  0.800000
shape_offset  0.000000  0.000000
$EndPAD
$PAD "A7"
Shape Circle Layer both
position 15.240000  0.000000  size  1.300000  1.300000  orientation -270.00
drill  0.800000
shape_offset  0.000000  0.000000
$EndPAD
$PAD "A6"
Shape Circle Layer both
position 12.700000  0.000000  size  1.300000  1.300000  orientation -270.00
drill  0.800000
shape_offset  0.000000  0.000000
$EndPAD
$PAD "A5"
Shape Circle Layer both
position 10.160000  0.000000  size  1.300000  1.300000  orientation -270.00
drill  0.800000
shape_offset  0.000000  0.000000
$EndPAD
$PAD "A4"
Shape Circle Layer both
position  7.620000  0.000000  size  1.300000  1.300000  orientation -270.00
drill  0.800000
shape_offset  0.000000  0.000000
$EndPAD
$PAD "A3"
Shape Circle Layer both
position  5.080000  0.000000  size  1.300000  1.300000  orientation -270.00
drill  0.800000
shape_offset  0.000000  0.000000
$EndPAD
$PAD "A2"
Shape Circle Layer both
position  2.540000  0.000000  size  1.300000  1.300000  orientation -270.00
drill  0.800000
shape_offset  0.000000  0.000000
$EndPAD
$PAD "A1"
Shape Rect Layer both
position  0.000000  0.000000  size  1.300000  1.300000  orientation -270.00
drill  0.800000
shape_offset  0.000000  0.000000
$EndPAD
$EndMODULE  J2

$MODULE "J1"
reference "J1"
value "ATX24RH"
footprint "FM Towns Pico Adapter:ATX24_RIGHT_ANGLE"
attribut none
position 79.147100 99.426200  orientation 90.00
layer front
$PAD "24"
Shape Circle Layer both
position -23.100000 -10.260000  size  2.900000  2.900000  orientation 180.00
drill  1.800000
shape_offset  0.000000  0.000000
$EndPAD
$PAD "23"
Shape Circle Layer both
position -18.900000 -10.260000  size  2.900000  2.900000  orientation 180.00
drill  1.800000
shape_offset  0.000000  0.000000
$EndPAD
$PAD "22"
Shape Circle Layer both
position -14.700000 -10.260000  size  2.900000  2.900000  orientation 180.00
drill  1.800000
shape_offset  0.000000  0.000000
$EndPAD
$PAD "21"
Shape Circle Layer both
position -10.500000 -10.260000  size  2.900000  2.900000  orientation 180.00
drill  1.800000
shape_offset  0.000000  0.000000
$EndPAD
$PAD "20"
Shape Circle Layer both
position -6.300000 -10.260000  size  2.900000  2.900000  orientation 180.00
drill  1.800000
shape_offset  0.000000  0.000000
$EndPAD
$PAD "19"
Shape Circle Layer both
position -2.100000 -10.260000  size  2.900000  2.900000  orientation 180.00
drill  1.800000
shape_offset  0.000000  0.000000
$EndPAD
$PAD "18"
Shape Circle Layer both
position  2.100000 -10.260000  size  2.900000  2.900000  orientation 180.00
drill  1.800000
shape_offset  0.000000  0.000000
$EndPAD
$PAD "17"
Shape Circle Layer both
position  6.300000 -10.260000  size  2.900000  2.900000  orientation 180.00
drill  1.800000
shape_offset  0.000000  0.000000
$EndPAD
$PAD "16"
Shape Circle Layer both
position 10.500000 -10.260000  size  2.900000  2.900000  orientation 180.00
drill  1.800000
shape_offset  0.000000  0.000000
$EndPAD
$PAD "15"
Shape Circle Layer both
position 14.700000 -10.260000  size  2.900000  2.900000  orientation 180.00
drill  1.800000
shape_offset  0.000000  0.000000
$EndPAD
$PAD "14"
Shape Circle Layer both
position 18.900000 -10.260000  size  2.900000  2.900000  orientation 180.00
drill  1.800000
shape_offset  0.000000  0.000000
$EndPAD
$PAD "13"
Shape Circle Layer both
position 23.100000 -10.260000  size  2.900000  2.900000  orientation 180.00
drill  1.800000
shape_offset  0.000000  0.000000
$EndPAD
$PAD "12"
Shape Circle Layer both
position -23.100000 -4.760000  size  2.900000  2.900000  orientation 180.00
drill  1.800000
shape_offset  0.000000  0.000000
$EndPAD
$PAD "11"
Shape Circle Layer both
position -18.900000 -4.760000  size  2.900000  2.900000  orientation 180.00
drill  1.800000
shape_offset  0.000000  0.000000
$EndPAD
$PAD "10"
Shape Circle Layer both
position -14.700000 -4.760000  size  2.900000  2.900000  orientation 180.00
drill  1.800000
shape_offset  0.000000  0.000000
$EndPAD
$PAD "9"
Shape Circle Layer both
position -10.500000 -4.760000  size  2.900000  2.900000  orientation 180.00
drill  1.800000
shape_offset  0.000000  0.000000
$EndPAD
$PAD "8"
Shape Circle Layer both
position -6.300000 -4.760000  size  2.900000  2.900000  orientation 180.00
drill  1.800000
shape_offset  0.000000  0.000000
$EndPAD
$PAD "7"
Shape Circle Layer both
position -2.100000 -4.760000  size  2.900000  2.900000  orientation 180.00
drill  1.800000
shape_offset  0.000000  0.000000
$EndPAD
$PAD "6"
Shape Circle Layer both
position  2.100000 -4.760000  size  2.900000  2.900000  orientation 180.00
drill  1.800000
shape_offset  0.000000  0.000000
$EndPAD
$PAD "5"
Shape Circle Layer both
position  6.300000 -4.760000  size  2.900000  2.900000  orientation 180.00
drill  1.800000
shape_offset  0.000000  0.000000
$EndPAD
$PAD "4"
Shape Circle Layer both
position 10.500000 -4.760000  size  2.900000  2.900000  orientation 180.00
drill  1.800000
shape_offset  0.000000  0.000000
$EndPAD
$PAD "3"
Shape Circle Layer both
position 14.700000 -4.760000  size  2.900000  2.900000  orientation 180.00
drill  1.800000
shape_offset  0.000000  0.000000
$EndPAD
$PAD "2"
Shape Circle Layer both
position 18.900000 -4.760000  size  2.900000  2.900000  orientation 180.00
drill  1.800000
shape_offset  0.000000  0.000000
$EndPAD
$PAD "1"
Shape Circle Layer both
position 23.100000 -4.760000  size  2.900000  2.900000  orientation 180.00
drill  1.800000
shape_offset  0.000000  0.000000
$EndPAD
$EndMODULE  J1

$MODULE "Q1"
reference "Q1"
value "BC847"
footprint "FM Towns Pico Adapter:SOT23"
attribut none
position 64.005900 88.886600  orientation 270.00
layer front
$PAD "1"
Shape Rect Layer front
position -0.950000  1.100000  size  1.000000  1.400000  orientation 0.00
drill  0.000000
shape_offset  0.000000  0.000000
$EndPAD
$PAD "2"
Shape Rect Layer front
position  0.950000  1.100000  size  1.000000  1.400000  orientation 0.00
drill  0.000000
shape_offset  0.000000  0.000000
$EndPAD
$PAD "3"
Shape Rect Layer front
position  0.000000 -1.100000  size  1.000000  1.400000  orientation 0.00
drill  0.000000
shape_offset  0.000000  0.000000
$EndPAD
$EndMODULE  Q1

$MODULE "R4"
reference "R4"
value "1K"
footprint "FM Towns Pico Adapter:R0603"
attribut none
position 60.500700 88.810400  orientation 90.00
layer front
$PAD "2"
Shape Rect Layer front
position  0.850000  0.000000  size  1.000000  1.100000  orientation 0.00
drill  0.000000
shape_offset  0.000000  0.000000
$EndPAD
$PAD "1"
Shape Rect Layer front
position -0.850000  0.000000  size  1.000000  1.100000  orientation 0.00
drill  0.000000
shape_offset  0.000000  0.000000
$EndPAD
$EndMODULE  R4

$MODULE "PSON1"
reference "PSON1"
value "JP1E"
footprint "FM Towns Pico Adapter:JP1"
attribut none
position 63.121100 67.399600  orientation 90.00
layer front
$PAD "2"
Shape Oval Layer both
position  0.000000 -1.270000  size  2.844800  1.422400  orientation 0.00
drill  0.914400
shape_offset  0.000000  0.000000
$EndPAD
$PAD "1"
Shape Oval Layer both
position  0.000000  1.270000  size  2.844800  1.422400  orientation 0.00
drill  0.914400
shape_offset  0.000000  0.000000
$EndPAD
$EndMODULE  PSON1

$MODULE "IC1"
reference "IC1"
value "7400D"
footprint "FM Towns Pico Adapter:SO14"
attribut none
position 60.210700 78.562200  orientation 270.00
layer front
$PAD "8"
Shape Rect Layer front
position  3.810000 -3.073400  size  0.660400  2.032000  orientation 0.00
drill  0.000000
shape_offset  0.000000  0.000000
$EndPAD
$PAD "7"
Shape Rect Layer front
position  3.810000  3.073400  size  0.660400  2.032000  orientation 0.00
drill  0.000000
shape_offset  0.000000  0.000000
$EndPAD
$PAD "9"
Shape Rect Layer front
position  2.540000 -3.073400  size  0.660400  2.032000  orientation 0.00
drill  0.000000
shape_offset  0.000000  0.000000
$EndPAD
$PAD "10"
Shape Rect Layer front
position  1.270000 -3.073400  size  0.660400  2.032000  orientation 0.00
drill  0.000000
shape_offset  0.000000  0.000000
$EndPAD
$PAD "6"
Shape Rect Layer front
position  2.540000  3.073400  size  0.660400  2.032000  orientation 0.00
drill  0.000000
shape_offset  0.000000  0.000000
$EndPAD
$PAD "5"
Shape Rect Layer front
position  1.270000  3.073400  size  0.660400  2.032000  orientation 0.00
drill  0.000000
shape_offset  0.000000  0.000000
$EndPAD
$PAD "11"
Shape Rect Layer front
position  0.000000 -3.073400  size  0.660400  2.032000  orientation 0.00
drill  0.000000
shape_offset  0.000000  0.000000
$EndPAD
$PAD "4"
Shape Rect Layer front
position  0.000000  3.073400  size  0.660400  2.032000  orientation 0.00
drill  0.000000
shape_offset  0.000000  0.000000
$EndPAD
$PAD "12"
Shape Rect Layer front
position -1.270000 -3.073400  size  0.660400  2.032000  orientation 0.00
drill  0.000000
shape_offset  0.000000  0.000000
$EndPAD
$PAD "13"
Shape Rect Layer front
position -2.540000 -3.073400  size  0.660400  2.032000  orientation 0.00
drill  0.000000
shape_offset  0.000000  0.000000
$EndPAD
$PAD "3"
Shape Rect Layer front
position -1.270000  3.073400  size  0.660400  2.032000  orientation 0.00
drill  0.000000
shape_offset  0.000000  0.000000
$EndPAD
$PAD "2"
Shape Rect Layer front
position -2.540000  3.073400  size  0.660400  2.032000  orientation 0.00
drill  0.000000
shape_offset  0.000000  0.000000
$EndPAD
$PAD "14"
Shape Rect Layer front
position -3.810000 -3.073400  size  0.660400  2.032000  orientation 0.00
drill  0.000000
shape_offset  0.000000  0.000000
$EndPAD
$PAD "1"
Shape Rect Layer front
position -3.810000  3.073400  size  0.660400  2.032000  orientation 0.00
drill  0.000000
shape_offset  0.000000  0.000000
$EndPAD
$EndMODULE  IC1

$MODULE "C1"
reference "C1"
value "100nF"
footprint "FM Towns Pico Adapter:C0805"
attribut none
position 62.344300 72.085200  orientation 180.00
layer front
$PAD "2"
Shape Rect Layer front
position  0.950000  0.000000  size  1.300000  1.500000  orientation 0.00
drill  0.000000
shape_offset  0.000000  0.000000
$EndPAD
$PAD "1"
Shape Rect Layer front
position -0.950000  0.000000  size  1.300000  1.500000  orientation 0.00
drill  0.000000
shape_offset  0.000000  0.000000
$EndPAD
$EndMODULE  C1

$MODULE "R1"
reference "R1"
value "1K"
footprint "FM Towns Pico Adapter:R0603"
attribut none
position 60.286900 85.039200  orientation 0.00
layer front
$PAD "2"
Shape Rect Layer front
position  0.850000  0.000000  size  1.000000  1.100000  orientation 0.00
drill  0.000000
shape_offset  0.000000  0.000000
$EndPAD
$PAD "1"
Shape Rect Layer front
position -0.850000  0.000000  size  1.000000  1.100000  orientation 0.00
drill  0.000000
shape_offset  0.000000  0.000000
$EndPAD
$EndMODULE  R1

$MODULE "R2"
reference "R2"
value "1K"
footprint "FM Towns Pico Adapter:R0603"
attribut none
position 58.000900 72.085200  orientation 0.00
layer front
$PAD "2"
Shape Rect Layer front
position  0.850000  0.000000  size  1.000000  1.100000  orientation 0.00
drill  0.000000
shape_offset  0.000000  0.000000
$EndPAD
$PAD "1"
Shape Rect Layer front
position -0.850000  0.000000  size  1.000000  1.100000  orientation 0.00
drill  0.000000
shape_offset  0.000000  0.000000
$EndPAD
$EndMODULE  R2

$MODULE "C2"
reference "C2"
value "100nF"
footprint "FM Towns Pico Adapter:C0805"
attribut none
position 56.553100 85.039200  orientation 180.00
layer front
$PAD "2"
Shape Rect Layer front
position  0.950000  0.000000  size  1.300000  1.500000  orientation 0.00
drill  0.000000
shape_offset  0.000000  0.000000
$EndPAD
$PAD "1"
Shape Rect Layer front
position -0.950000  0.000000  size  1.300000  1.500000  orientation 0.00
drill  0.000000
shape_offset  0.000000  0.000000
$EndPAD
$EndMODULE  C2

$MODULE "C3"
reference "C3"
value "100nF"
footprint "FM Towns Pico Adapter:C0805"
attribut none
position 54.190900 73.761600  orientation 90.00
layer front
$PAD "2"
Shape Rect Layer front
position  0.950000  0.000000  size  1.300000  1.500000  orientation 0.00
drill  0.000000
shape_offset  0.000000  0.000000
$EndPAD
$PAD "1"
Shape Rect Layer front
position -0.950000  0.000000  size  1.300000  1.500000  orientation 0.00
drill  0.000000
shape_offset  0.000000  0.000000
$EndPAD
$EndMODULE  C3

$MODULE "PSOFF1"
reference "PSOFF1"
value "JP1E"
footprint "FM Towns Pico Adapter:JP1"
attribut none
position 55.029100 67.360800  orientation 270.00
layer front
$PAD "2"
Shape Oval Layer both
position  0.000000 -1.270000  size  2.844800  1.422400  orientation 0.00
drill  0.914400
shape_offset  0.000000  0.000000
$EndPAD
$PAD "1"
Shape Oval Layer both
position  0.000000  1.270000  size  2.844800  1.422400  orientation 0.00
drill  0.914400
shape_offset  0.000000  0.000000
$EndPAD
$EndMODULE  PSOFF1

$MODULE "STBY_LED1"
reference "STBY_LED1"
value "LEDCHIPLED_0805"
footprint "FM Towns Pico Adapter:CHIPLED_0805"
attribut none
position 63.715900 100.126800  orientation 0.00
layer front
$PAD "A"
Shape Rect Layer front
position  0.000000  1.050000  size  1.200000  1.200000  orientation 0.00
drill  0.000000
shape_offset  0.000000  0.000000
$EndPAD
$PAD "C"
Shape Rect Layer front
position  0.000000 -1.050000  size  1.200000  1.200000  orientation 0.00
drill  0.000000
shape_offset  0.000000  0.000000
$EndPAD
$EndMODULE  STBY_LED1

$MODULE "R5"
reference "R5"
value "220R"
footprint "FM Towns Pico Adapter:R0603"
attribut none
position 63.715900 103.936800  orientation 90.00
layer front
$PAD "2"
Shape Rect Layer front
position  0.850000  0.000000  size  1.000000  1.100000  orientation 0.00
drill  0.000000
shape_offset  0.000000  0.000000
$EndPAD
$PAD "1"
Shape Rect Layer front
position -0.850000  0.000000  size  1.000000  1.100000  orientation 0.00
drill  0.000000
shape_offset  0.000000  0.000000
$EndPAD
$EndMODULE  R5

$MODULE "5V_LED1"
reference "5V_LED1"
value "LEDCHIPLED_0805"
footprint "FM Towns Pico Adapter:CHIPLED_0805"
attribut none
position 59.601100 100.126800  orientation 0.00
layer front
$PAD "A"
Shape Rect Layer front
position  0.000000  1.050000  size  1.200000  1.200000  orientation 0.00
drill  0.000000
shape_offset  0.000000  0.000000
$EndPAD
$PAD "C"
Shape Rect Layer front
position  0.000000 -1.050000  size  1.200000  1.200000  orientation 0.00
drill  0.000000
shape_offset  0.000000  0.000000
$EndPAD
$EndMODULE  5V_LED1

$MODULE "R6"
reference "R6"
value "220R"
footprint "FM Towns Pico Adapter:R0603"
attribut none
position 59.601100 103.936800  orientation 90.00
layer front
$PAD "2"
Shape Rect Layer front
position  0.850000  0.000000  size  1.000000  1.100000  orientation 0.00
drill  0.000000
shape_offset  0.000000  0.000000
$EndPAD
$PAD "1"
Shape Rect Layer front
position -0.850000  0.000000  size  1.000000  1.100000  orientation 0.00
drill  0.000000
shape_offset  0.000000  0.000000
$EndPAD
$EndMODULE  R6

$MODULE "12V_LED1"
reference "12V_LED1"
value "LEDCHIPLED_0805"
footprint "FM Towns Pico Adapter:CHIPLED_0805"
attribut none
position 55.638700 100.126800  orientation 0.00
layer front
$PAD "A"
Shape Rect Layer front
position  0.000000  1.050000  size  1.200000  1.200000  orientation 0.00
drill  0.000000
shape_offset  0.000000  0.000000
$EndPAD
$PAD "C"
Shape Rect Layer front
position  0.000000 -1.050000  size  1.200000  1.200000  orientation 0.00
drill  0.000000
shape_offset  0.000000  0.000000
$EndPAD
$EndMODULE  12V_LED1

$MODULE "R7"
reference "R7"
value "680R"
footprint "FM Towns Pico Adapter:R0603"
attribut none
position 55.638700 103.936800  orientation 90.00
layer front
$PAD "2"
Shape Rect Layer front
position  0.850000  0.000000  size  1.000000  1.100000  orientation 0.00
drill  0.000000
shape_offset  0.000000  0.000000
$EndPAD
$PAD "1"
Shape Rect Layer front
position -0.850000  0.000000  size  1.000000  1.100000  orientation 0.00
drill  0.000000
shape_offset  0.000000  0.000000
$EndPAD
$EndMODULE  R7

$EndDESCRIPTION
